2019-01-14 17:05:25,998 [DEBUG] aegis.error.log: request_AES256 >>> 0 ERROR: name 'request' is not defined
2019-01-14 17:05:45,045 [DEBUG] aegis.error.log: request_AES256 >>> 0 ERROR: name 'request' is not defined
2019-01-14 17:05:56,441 [DEBUG] aegis.error.log: request_AES256 >>> 0 ERROR: name 'request' is not defined
2019-01-14 17:06:13,687 [DEBUG] aegis.error.log: request_AES256 >>> 0 ERROR: 'rk'
2019-01-14 17:07:27,590 [DEBUG] aegis.error.log: request_AES256 >>> 0 ERROR: 'rk'
2019-01-14 17:07:53,723 [DEBUG] aegis.error.log: request_AES256 >>> 0 ERROR: 'rk'
2019-01-14 17:10:32,775 [DEBUG] aegis.error.log: request_AES256 >>> 0 ERROR: 'rk'
2019-01-14 17:16:44,598 [DEBUG] aegis.error.log: request_AES256 >>> 0 ERROR: 'rk'
2019-01-14 17:31:21,251 [DEBUG] aegis.error.log: request_AES256 >>> 0 ERROR: 'rk'
2019-01-14 17:53:54,893 [DEBUG] aegis.error.log: request_AES256 >>> 0 ERROR: 'rk'
2019-01-14 17:54:53,111 [DEBUG] aegis.error.log: request_AES256 >>> 0 ERROR: 'rk'
2019-01-14 17:55:02,110 [DEBUG] aegis.error.log: request_AES256 >>> 0 ERROR: 'rk'
2019-01-14 17:57:12,906 [DEBUG] aegis.error.log: request_AES256 >>> 0 ERROR: 'rk'
2019-01-14 17:57:25,514 [DEBUG] aegis.error.log: request_AES256 >>> 0 ERROR: 'rk'
2019-01-14 17:58:20,732 [DEBUG] aegis.error.log: request_AES256 >>> 0 ERROR: 'rk'
2019-01-16 02:11:04,146 [DEBUG] aegis.error.log: ERROR: AES_DECRYPT
2019-01-16 02:15:28,623 [DEBUG] aegis.error.log: ERROR: AES_DECRYPT
2019-01-16 02:19:57,712 [DEBUG] aegis.error.log: ERROR: AES_DECRYPT
2019-01-16 02:26:07,828 [DEBUG] aegis.error.log: ERROR: base64decode
2019-01-16 02:26:56,764 [DEBUG] aegis.error.log: ERROR: base64decode
2019-01-16 02:27:49,515 [DEBUG] aegis.error.log: ERROR: base64decode
2019-01-16 02:27:49,515 [DEBUG] aegis.error.log: ERROR: AES_DECRYPT
2019-01-16 02:28:21,253 [DEBUG] aegis.error.log: ERROR: base64decode
2019-01-16 02:28:21,253 [DEBUG] aegis.error.log: ERROR: AES_DECRYPT
2019-01-16 02:29:55,776 [DEBUG] aegis.error.log: ERROR: base64decode
2019-01-16 02:29:55,776 [DEBUG] aegis.error.log: ERROR: AES_DECRYPT
2019-01-16 02:30:27,668 [DEBUG] aegis.error.log: ERROR: base64decode
2019-01-16 02:30:27,668 [DEBUG] aegis.error.log: ERROR: AES_DECRYPT
2019-01-16 02:31:12,669 [DEBUG] aegis.error.log: ERROR: base64decode
2019-01-16 02:31:12,669 [DEBUG] aegis.error.log: ERROR: AES_DECRYPT
2019-01-16 02:35:09,628 [DEBUG] aegis.error.log: ERROR: base64decode
2019-01-16 02:35:09,628 [DEBUG] aegis.error.log: ERROR: AES_DECRYPT
2019-01-16 02:36:31,387 [DEBUG] aegis.error.log: ERROR: base64decode
2019-01-16 02:36:31,387 [DEBUG] aegis.error.log: ERROR: AES_DECRYPT
2019-01-16 02:37:05,784 [DEBUG] aegis.error.log: ERROR: base64decode
2019-01-16 02:37:05,785 [DEBUG] aegis.error.log: ERROR: AES_DECRYPT
2019-01-16 02:38:00,639 [DEBUG] aegis.error.log: ERROR: base64decode
2019-01-16 02:38:00,640 [DEBUG] aegis.error.log: ERROR: AES_DECRYPT
2019-01-16 02:38:54,651 [DEBUG] aegis.error.log: ERROR: base64decode
2019-01-16 02:38:54,651 [DEBUG] aegis.error.log: ERROR: AES_DECRYPT
2019-01-16 02:39:18,332 [DEBUG] aegis.error.log: ERROR: base64decode
2019-01-16 02:39:18,332 [DEBUG] aegis.error.log: ERROR: AES_DECRYPT
2019-01-16 02:39:34,960 [DEBUG] aegis.error.log: ERROR: AES_DECRYPT
2019-01-16 03:03:47,755 [DEBUG] aegis.error.log: ERROR: AES_DECRYPT
2019-01-16 03:05:29,286 [DEBUG] aegis.error.log: ERROR: AES_DECRYPT
2019-01-16 03:08:06,933 [DEBUG] aegis.error.log: ERROR: AES_DECRYPT
2019-01-16 03:11:55,656 [DEBUG] aegis.error.log: ERROR: base64decode
2019-01-16 03:17:55,770 [DEBUG] aegis.error.log: ERROR: base64decode
2019-01-16 03:17:55,771 [DEBUG] aegis.error.log: ERROR: AES_DECRYPT
2019-01-16 03:18:29,926 [DEBUG] aegis.error.log: ERROR: base64decode
2019-01-16 03:18:29,926 [DEBUG] aegis.error.log: ERROR: AES_DECRYPT
2019-01-16 03:19:13,711 [DEBUG] aegis.error.log: ERROR: base64decode
2019-01-16 03:19:13,711 [DEBUG] aegis.error.log: ERROR: AES_DECRYPT
2019-01-16 03:19:32,824 [DEBUG] aegis.error.log: ERROR: base64decode
2019-01-16 03:19:32,824 [DEBUG] aegis.error.log: ERROR: AES_DECRYPT
2019-01-16 03:22:28,437 [DEBUG] aegis.error.log: ERROR: base64decode
2019-01-16 03:22:28,438 [DEBUG] aegis.error.log: ERROR: AES_DECRYPT
2019-01-16 05:39:53,902 [DEBUG] aegis.error.log: passer_reg >>> 503 ERROR: local variable 'response' referenced before assignment
2019-01-17 15:04:58,108 [DEBUG] aegis.error.log: reg_customer >>> 503 ERROR: 'staff_name'
2019-01-17 15:11:32,217 [DEBUG] aegis.error.log: reg_customer >>> 503 ERROR: (1048, "Column 'contractor_id' cannot be null")
2019-01-17 15:24:22,620 [DEBUG] aegis.error.log: reg_customer >>> 503 ERROR: (1048, "Column 'manager_id' cannot be null")
2019-01-17 15:25:05,945 [DEBUG] aegis.error.log: reg_customer >>> 503 ERROR: (1048, "Column 'manager_id' cannot be null")
2019-01-17 15:25:31,522 [DEBUG] aegis.error.log: reg_customer >>> 503 ERROR: name 'Staff' is not defined
2019-01-17 17:35:54,930 [DEBUG] aegis.error.log: reg_customer >>> 503 ERROR: Expecting value: line 2 column 1 (char 1)
