2019-01-10 17:24:42,746 [DEBUG] django.db.backends: (0.001) SELECT @@SQL_AUTO_IS_NULL; args=None
2019-01-10 17:24:42,746 [DEBUG] django.db.backends: (0.000) SET SESSION TRANSACTION ISOLATION LEVEL READ COMMITTED; args=None
2019-01-10 17:24:42,746 [DEBUG] django.db.backends: (0.000) SELECT @@sql_mode; args=None
2019-01-10 17:24:42,780 [DEBUG] django.db.backends: (0.001) SHOW FULL TABLES; args=None
2019-01-10 17:24:42,781 [DEBUG] django.db.backends: (0.001) SHOW FULL TABLES; args=None
2019-01-10 17:24:42,782 [DEBUG] django.db.backends: (0.001) SHOW FULL TABLES; args=None
2019-01-10 17:24:42,783 [DEBUG] django.db.backends.schema: CREATE TABLE `django_migrations` (`id` integer AUTO_INCREMENT NOT NULL PRIMARY KEY, `app` varchar(255) NOT NULL, `name` varchar(255) NOT NULL, `applied` datetime(6) NOT NULL); (params None)
2019-01-10 17:24:42,864 [DEBUG] django.db.backends: (0.081) CREATE TABLE `django_migrations` (`id` integer AUTO_INCREMENT NOT NULL PRIMARY KEY, `app` varchar(255) NOT NULL, `name` varchar(255) NOT NULL, `applied` datetime(6) NOT NULL); args=None
2019-01-10 17:24:42,865 [DEBUG] django.db.backends: (0.001) SELECT engine FROM information_schema.tables WHERE table_name = 'django_migrations'; args=['django_migrations']
2019-01-10 17:24:42,866 [DEBUG] django.db.backends: (0.001) SELECT engine FROM information_schema.tables WHERE table_name = 'django_migrations'; args=['django_migrations']
2019-01-10 17:24:42,867 [DEBUG] django.db.backends: (0.001) SELECT engine FROM information_schema.tables WHERE table_name = 'django_migrations'; args=['django_migrations']
2019-01-10 17:24:42,867 [DEBUG] django.db.backends: (0.001) SELECT engine FROM information_schema.tables WHERE table_name = 'django_migrations'; args=['django_migrations']
2019-01-10 17:24:42,869 [DEBUG] django.db.backends.schema: CREATE TABLE `django_content_type` (`id` integer AUTO_INCREMENT NOT NULL PRIMARY KEY, `name` varchar(100) NOT NULL, `app_label` varchar(100) NOT NULL, `model` varchar(100) NOT NULL); (params None)
2019-01-10 17:24:42,876 [DEBUG] django.db.backends: (0.006) CREATE TABLE `django_content_type` (`id` integer AUTO_INCREMENT NOT NULL PRIMARY KEY, `name` varchar(100) NOT NULL, `app_label` varchar(100) NOT NULL, `model` varchar(100) NOT NULL); args=None
2019-01-10 17:24:42,876 [DEBUG] django.db.backends: (0.001) SELECT engine FROM information_schema.tables WHERE table_name = 'django_content_type'; args=['django_content_type']
2019-01-10 17:24:42,877 [DEBUG] django.db.backends: (0.001) SELECT engine FROM information_schema.tables WHERE table_name = 'django_content_type'; args=['django_content_type']
2019-01-10 17:24:42,878 [DEBUG] django.db.backends: (0.001) SELECT engine FROM information_schema.tables WHERE table_name = 'django_content_type'; args=['django_content_type']
2019-01-10 17:24:42,879 [DEBUG] django.db.backends: (0.001) SELECT engine FROM information_schema.tables WHERE table_name = 'django_content_type'; args=['django_content_type']
2019-01-10 17:24:42,880 [DEBUG] django.db.backends.schema: ALTER TABLE `django_content_type` ADD CONSTRAINT `django_content_type_app_label_model_76bd3d3b_uniq` UNIQUE (`app_label`, `model`); (params ())
2019-01-10 17:24:42,900 [DEBUG] django.db.backends: (0.020) ALTER TABLE `django_content_type` ADD CONSTRAINT `django_content_type_app_label_model_76bd3d3b_uniq` UNIQUE (`app_label`, `model`); args=()
2019-01-10 17:24:42,901 [DEBUG] django.db.backends: (0.001) SHOW FULL TABLES; args=None
2019-01-10 17:24:42,905 [DEBUG] django.db.backends: (0.002) INSERT INTO `django_migrations` (`app`, `name`, `applied`) VALUES ('contenttypes', '0001_initial', '2019-01-10 08:24:42.901439'); args=['contenttypes', '0001_initial', '2019-01-10 08:24:42.901439']
2019-01-10 17:24:42,908 [DEBUG] django.db.backends.schema: CREATE TABLE `auth_permission` (`id` integer AUTO_INCREMENT NOT NULL PRIMARY KEY, `name` varchar(50) NOT NULL, `content_type_id` integer NOT NULL, `codename` varchar(100) NOT NULL); (params None)
2019-01-10 17:24:42,915 [DEBUG] django.db.backends: (0.007) CREATE TABLE `auth_permission` (`id` integer AUTO_INCREMENT NOT NULL PRIMARY KEY, `name` varchar(50) NOT NULL, `content_type_id` integer NOT NULL, `codename` varchar(100) NOT NULL); args=None
2019-01-10 17:24:42,916 [DEBUG] django.db.backends: (0.001) SELECT engine FROM information_schema.tables WHERE table_name = 'auth_permission'; args=['auth_permission']
2019-01-10 17:24:42,917 [DEBUG] django.db.backends: (0.000) SELECT engine FROM information_schema.tables WHERE table_name = 'auth_permission'; args=['auth_permission']
2019-01-10 17:24:42,917 [DEBUG] django.db.backends: (0.000) SELECT engine FROM information_schema.tables WHERE table_name = 'auth_permission'; args=['auth_permission']
2019-01-10 17:24:42,918 [DEBUG] django.db.backends: (0.000) SELECT engine FROM information_schema.tables WHERE table_name = 'auth_permission'; args=['auth_permission']
2019-01-10 17:24:42,921 [DEBUG] django.db.backends.schema: CREATE TABLE `auth_group` (`id` integer AUTO_INCREMENT NOT NULL PRIMARY KEY, `name` varchar(80) NOT NULL UNIQUE); (params None)
2019-01-10 17:24:42,929 [DEBUG] django.db.backends: (0.008) CREATE TABLE `auth_group` (`id` integer AUTO_INCREMENT NOT NULL PRIMARY KEY, `name` varchar(80) NOT NULL UNIQUE); args=None
2019-01-10 17:24:42,930 [DEBUG] django.db.backends: (0.001) SELECT engine FROM information_schema.tables WHERE table_name = 'auth_group'; args=['auth_group']
2019-01-10 17:24:42,931 [DEBUG] django.db.backends: (0.000) SELECT engine FROM information_schema.tables WHERE table_name = 'auth_group'; args=['auth_group']
2019-01-10 17:24:42,931 [DEBUG] django.db.backends.schema: CREATE TABLE `auth_group_permissions` (`id` integer AUTO_INCREMENT NOT NULL PRIMARY KEY, `group_id` integer NOT NULL, `permission_id` integer NOT NULL); (params None)
2019-01-10 17:24:42,936 [DEBUG] django.db.backends: (0.005) CREATE TABLE `auth_group_permissions` (`id` integer AUTO_INCREMENT NOT NULL PRIMARY KEY, `group_id` integer NOT NULL, `permission_id` integer NOT NULL); args=None
2019-01-10 17:24:42,936 [DEBUG] django.db.backends: (0.001) SELECT engine FROM information_schema.tables WHERE table_name = 'auth_group_permissions'; args=['auth_group_permissions']
2019-01-10 17:24:42,937 [DEBUG] django.db.backends: (0.001) SELECT engine FROM information_schema.tables WHERE table_name = 'auth_group_permissions'; args=['auth_group_permissions']
2019-01-10 17:24:42,938 [DEBUG] django.db.backends: (0.000) SELECT engine FROM information_schema.tables WHERE table_name = 'auth_group_permissions'; args=['auth_group_permissions']
2019-01-10 17:24:42,944 [DEBUG] django.db.backends.schema: CREATE TABLE `auth_user` (`id` integer AUTO_INCREMENT NOT NULL PRIMARY KEY, `password` varchar(128) NOT NULL, `last_login` datetime(6) NOT NULL, `is_superuser` bool NOT NULL, `username` varchar(30) NOT NULL UNIQUE, `first_name` varchar(30) NOT NULL, `last_name` varchar(30) NOT NULL, `email` varchar(75) NOT NULL, `is_staff` bool NOT NULL, `is_active` bool NOT NULL, `date_joined` datetime(6) NOT NULL); (params None)
2019-01-10 17:24:42,951 [DEBUG] django.db.backends: (0.007) CREATE TABLE `auth_user` (`id` integer AUTO_INCREMENT NOT NULL PRIMARY KEY, `password` varchar(128) NOT NULL, `last_login` datetime(6) NOT NULL, `is_superuser` bool NOT NULL, `username` varchar(30) NOT NULL UNIQUE, `first_name` varchar(30) NOT NULL, `last_name` varchar(30) NOT NULL, `email` varchar(75) NOT NULL, `is_staff` bool NOT NULL, `is_active` bool NOT NULL, `date_joined` datetime(6) NOT NULL); args=None
2019-01-10 17:24:42,952 [DEBUG] django.db.backends: (0.001) SELECT engine FROM information_schema.tables WHERE table_name = 'auth_user'; args=['auth_user']
2019-01-10 17:24:42,952 [DEBUG] django.db.backends: (0.000) SELECT engine FROM information_schema.tables WHERE table_name = 'auth_user'; args=['auth_user']
2019-01-10 17:24:42,953 [DEBUG] django.db.backends: (0.000) SELECT engine FROM information_schema.tables WHERE table_name = 'auth_user'; args=['auth_user']
2019-01-10 17:24:42,954 [DEBUG] django.db.backends: (0.000) SELECT engine FROM information_schema.tables WHERE table_name = 'auth_user'; args=['auth_user']
2019-01-10 17:24:42,954 [DEBUG] django.db.backends: (0.000) SELECT engine FROM information_schema.tables WHERE table_name = 'auth_user'; args=['auth_user']
2019-01-10 17:24:42,955 [DEBUG] django.db.backends: (0.000) SELECT engine FROM information_schema.tables WHERE table_name = 'auth_user'; args=['auth_user']
2019-01-10 17:24:42,955 [DEBUG] django.db.backends: (0.000) SELECT engine FROM information_schema.tables WHERE table_name = 'auth_user'; args=['auth_user']
2019-01-10 17:24:42,956 [DEBUG] django.db.backends: (0.000) SELECT engine FROM information_schema.tables WHERE table_name = 'auth_user'; args=['auth_user']
2019-01-10 17:24:42,957 [DEBUG] django.db.backends: (0.000) SELECT engine FROM information_schema.tables WHERE table_name = 'auth_user'; args=['auth_user']
2019-01-10 17:24:42,957 [DEBUG] django.db.backends: (0.001) SELECT engine FROM information_schema.tables WHERE table_name = 'auth_user'; args=['auth_user']
2019-01-10 17:24:42,958 [DEBUG] django.db.backends: (0.001) SELECT engine FROM information_schema.tables WHERE table_name = 'auth_user'; args=['auth_user']
2019-01-10 17:24:42,958 [DEBUG] django.db.backends.schema: CREATE TABLE `auth_user_groups` (`id` integer AUTO_INCREMENT NOT NULL PRIMARY KEY, `user_id` integer NOT NULL, `group_id` integer NOT NULL); (params None)
2019-01-10 17:24:42,965 [DEBUG] django.db.backends: (0.007) CREATE TABLE `auth_user_groups` (`id` integer AUTO_INCREMENT NOT NULL PRIMARY KEY, `user_id` integer NOT NULL, `group_id` integer NOT NULL); args=None
2019-01-10 17:24:42,966 [DEBUG] django.db.backends: (0.001) SELECT engine FROM information_schema.tables WHERE table_name = 'auth_user_groups'; args=['auth_user_groups']
2019-01-10 17:24:42,967 [DEBUG] django.db.backends: (0.001) SELECT engine FROM information_schema.tables WHERE table_name = 'auth_user_groups'; args=['auth_user_groups']
2019-01-10 17:24:42,967 [DEBUG] django.db.backends: (0.000) SELECT engine FROM information_schema.tables WHERE table_name = 'auth_user_groups'; args=['auth_user_groups']
2019-01-10 17:24:42,968 [DEBUG] django.db.backends.schema: CREATE TABLE `auth_user_user_permissions` (`id` integer AUTO_INCREMENT NOT NULL PRIMARY KEY, `user_id` integer NOT NULL, `permission_id` integer NOT NULL); (params None)
2019-01-10 17:24:42,973 [DEBUG] django.db.backends: (0.005) CREATE TABLE `auth_user_user_permissions` (`id` integer AUTO_INCREMENT NOT NULL PRIMARY KEY, `user_id` integer NOT NULL, `permission_id` integer NOT NULL); args=None
2019-01-10 17:24:42,973 [DEBUG] django.db.backends: (0.001) SELECT engine FROM information_schema.tables WHERE table_name = 'auth_user_user_permissions'; args=['auth_user_user_permissions']
2019-01-10 17:24:42,974 [DEBUG] django.db.backends: (0.000) SELECT engine FROM information_schema.tables WHERE table_name = 'auth_user_user_permissions'; args=['auth_user_user_permissions']
2019-01-10 17:24:42,974 [DEBUG] django.db.backends: (0.000) SELECT engine FROM information_schema.tables WHERE table_name = 'auth_user_user_permissions'; args=['auth_user_user_permissions']
2019-01-10 17:24:42,975 [DEBUG] django.db.backends.schema: ALTER TABLE `auth_permission` ADD CONSTRAINT `auth_permission_content_type_id_2f476e4b_fk_django_co` FOREIGN KEY (`content_type_id`) REFERENCES `django_content_type` (`id`); (params ())
2019-01-10 17:24:42,989 [DEBUG] django.db.backends: (0.014) ALTER TABLE `auth_permission` ADD CONSTRAINT `auth_permission_content_type_id_2f476e4b_fk_django_co` FOREIGN KEY (`content_type_id`) REFERENCES `django_content_type` (`id`); args=()
2019-01-10 17:24:42,989 [DEBUG] django.db.backends.schema: ALTER TABLE `auth_permission` ADD CONSTRAINT `auth_permission_content_type_id_codename_01ab375a_uniq` UNIQUE (`content_type_id`, `codename`); (params ())
2019-01-10 17:24:42,994 [DEBUG] django.db.backends: (0.005) ALTER TABLE `auth_permission` ADD CONSTRAINT `auth_permission_content_type_id_codename_01ab375a_uniq` UNIQUE (`content_type_id`, `codename`); args=()
2019-01-10 17:24:42,994 [DEBUG] django.db.backends.schema: ALTER TABLE `auth_group_permissions` ADD CONSTRAINT `auth_group_permissions_group_id_b120cbf9_fk_auth_group_id` FOREIGN KEY (`group_id`) REFERENCES `auth_group` (`id`); (params ())
2019-01-10 17:24:43,006 [DEBUG] django.db.backends: (0.011) ALTER TABLE `auth_group_permissions` ADD CONSTRAINT `auth_group_permissions_group_id_b120cbf9_fk_auth_group_id` FOREIGN KEY (`group_id`) REFERENCES `auth_group` (`id`); args=()
2019-01-10 17:24:43,006 [DEBUG] django.db.backends.schema: ALTER TABLE `auth_group_permissions` ADD CONSTRAINT `auth_group_permissio_permission_id_84c5c92e_fk_auth_perm` FOREIGN KEY (`permission_id`) REFERENCES `auth_permission` (`id`); (params ())
2019-01-10 17:24:43,019 [DEBUG] django.db.backends: (0.013) ALTER TABLE `auth_group_permissions` ADD CONSTRAINT `auth_group_permissio_permission_id_84c5c92e_fk_auth_perm` FOREIGN KEY (`permission_id`) REFERENCES `auth_permission` (`id`); args=()
2019-01-10 17:24:43,019 [DEBUG] django.db.backends.schema: ALTER TABLE `auth_group_permissions` ADD CONSTRAINT `auth_group_permissions_group_id_permission_id_0cd325b0_uniq` UNIQUE (`group_id`, `permission_id`); (params ())
2019-01-10 17:24:43,024 [DEBUG] django.db.backends: (0.005) ALTER TABLE `auth_group_permissions` ADD CONSTRAINT `auth_group_permissions_group_id_permission_id_0cd325b0_uniq` UNIQUE (`group_id`, `permission_id`); args=()
2019-01-10 17:24:43,024 [DEBUG] django.db.backends.schema: ALTER TABLE `auth_user_groups` ADD CONSTRAINT `auth_user_groups_user_id_6a12ed8b_fk_auth_user_id` FOREIGN KEY (`user_id`) REFERENCES `auth_user` (`id`); (params ())
2019-01-10 17:24:43,035 [DEBUG] django.db.backends: (0.011) ALTER TABLE `auth_user_groups` ADD CONSTRAINT `auth_user_groups_user_id_6a12ed8b_fk_auth_user_id` FOREIGN KEY (`user_id`) REFERENCES `auth_user` (`id`); args=()
2019-01-10 17:24:43,035 [DEBUG] django.db.backends.schema: ALTER TABLE `auth_user_groups` ADD CONSTRAINT `auth_user_groups_group_id_97559544_fk_auth_group_id` FOREIGN KEY (`group_id`) REFERENCES `auth_group` (`id`); (params ())
2019-01-10 17:24:43,048 [DEBUG] django.db.backends: (0.013) ALTER TABLE `auth_user_groups` ADD CONSTRAINT `auth_user_groups_group_id_97559544_fk_auth_group_id` FOREIGN KEY (`group_id`) REFERENCES `auth_group` (`id`); args=()
2019-01-10 17:24:43,049 [DEBUG] django.db.backends.schema: ALTER TABLE `auth_user_groups` ADD CONSTRAINT `auth_user_groups_user_id_group_id_94350c0c_uniq` UNIQUE (`user_id`, `group_id`); (params ())
2019-01-10 17:24:43,053 [DEBUG] django.db.backends: (0.004) ALTER TABLE `auth_user_groups` ADD CONSTRAINT `auth_user_groups_user_id_group_id_94350c0c_uniq` UNIQUE (`user_id`, `group_id`); args=()
2019-01-10 17:24:43,053 [DEBUG] django.db.backends.schema: ALTER TABLE `auth_user_user_permissions` ADD CONSTRAINT `auth_user_user_permissions_user_id_a95ead1b_fk_auth_user_id` FOREIGN KEY (`user_id`) REFERENCES `auth_user` (`id`); (params ())
2019-01-10 17:24:43,065 [DEBUG] django.db.backends: (0.012) ALTER TABLE `auth_user_user_permissions` ADD CONSTRAINT `auth_user_user_permissions_user_id_a95ead1b_fk_auth_user_id` FOREIGN KEY (`user_id`) REFERENCES `auth_user` (`id`); args=()
2019-01-10 17:24:43,065 [DEBUG] django.db.backends.schema: ALTER TABLE `auth_user_user_permissions` ADD CONSTRAINT `auth_user_user_permi_permission_id_1fbb5f2c_fk_auth_perm` FOREIGN KEY (`permission_id`) REFERENCES `auth_permission` (`id`); (params ())
2019-01-10 17:24:43,080 [DEBUG] django.db.backends: (0.014) ALTER TABLE `auth_user_user_permissions` ADD CONSTRAINT `auth_user_user_permi_permission_id_1fbb5f2c_fk_auth_perm` FOREIGN KEY (`permission_id`) REFERENCES `auth_permission` (`id`); args=()
2019-01-10 17:24:43,080 [DEBUG] django.db.backends.schema: ALTER TABLE `auth_user_user_permissions` ADD CONSTRAINT `auth_user_user_permissions_user_id_permission_id_14a6b632_uniq` UNIQUE (`user_id`, `permission_id`); (params ())
2019-01-10 17:24:43,085 [DEBUG] django.db.backends: (0.005) ALTER TABLE `auth_user_user_permissions` ADD CONSTRAINT `auth_user_user_permissions_user_id_permission_id_14a6b632_uniq` UNIQUE (`user_id`, `permission_id`); args=()
2019-01-10 17:24:43,086 [DEBUG] django.db.backends: (0.001) SHOW FULL TABLES; args=None
2019-01-10 17:24:43,086 [DEBUG] django.db.backends: (0.000) INSERT INTO `django_migrations` (`app`, `name`, `applied`) VALUES ('auth', '0001_initial', '2019-01-10 08:24:43.086460'); args=['auth', '0001_initial', '2019-01-10 08:24:43.086460']
2019-01-10 17:24:43,094 [DEBUG] django.db.backends.schema: CREATE TABLE `django_admin_log` (`id` integer AUTO_INCREMENT NOT NULL PRIMARY KEY, `action_time` datetime(6) NOT NULL, `object_id` longtext NULL, `object_repr` varchar(200) NOT NULL, `action_flag` smallint UNSIGNED NOT NULL, `change_message` longtext NOT NULL, `content_type_id` integer NULL, `user_id` integer NOT NULL); (params None)
2019-01-10 17:24:43,100 [DEBUG] django.db.backends: (0.006) CREATE TABLE `django_admin_log` (`id` integer AUTO_INCREMENT NOT NULL PRIMARY KEY, `action_time` datetime(6) NOT NULL, `object_id` longtext NULL, `object_repr` varchar(200) NOT NULL, `action_flag` smallint UNSIGNED NOT NULL, `change_message` longtext NOT NULL, `content_type_id` integer NULL, `user_id` integer NOT NULL); args=None
2019-01-10 17:24:43,101 [DEBUG] django.db.backends: (0.001) SELECT engine FROM information_schema.tables WHERE table_name = 'django_admin_log'; args=['django_admin_log']
2019-01-10 17:24:43,102 [DEBUG] django.db.backends: (0.000) SELECT engine FROM information_schema.tables WHERE table_name = 'django_admin_log'; args=['django_admin_log']
2019-01-10 17:24:43,102 [DEBUG] django.db.backends: (0.000) SELECT engine FROM information_schema.tables WHERE table_name = 'django_admin_log'; args=['django_admin_log']
2019-01-10 17:24:43,103 [DEBUG] django.db.backends: (0.000) SELECT engine FROM information_schema.tables WHERE table_name = 'django_admin_log'; args=['django_admin_log']
2019-01-10 17:24:43,103 [DEBUG] django.db.backends: (0.000) SELECT engine FROM information_schema.tables WHERE table_name = 'django_admin_log'; args=['django_admin_log']
2019-01-10 17:24:43,104 [DEBUG] django.db.backends: (0.000) SELECT engine FROM information_schema.tables WHERE table_name = 'django_admin_log'; args=['django_admin_log']
2019-01-10 17:24:43,104 [DEBUG] django.db.backends: (0.000) SELECT engine FROM information_schema.tables WHERE table_name = 'django_admin_log'; args=['django_admin_log']
2019-01-10 17:24:43,105 [DEBUG] django.db.backends: (0.000) SELECT engine FROM information_schema.tables WHERE table_name = 'django_admin_log'; args=['django_admin_log']
2019-01-10 17:24:43,105 [DEBUG] django.db.backends.schema: ALTER TABLE `django_admin_log` ADD CONSTRAINT `django_admin_log_content_type_id_c4bce8eb_fk_django_co` FOREIGN KEY (`content_type_id`) REFERENCES `django_content_type` (`id`); (params ())
2019-01-10 17:24:43,124 [DEBUG] django.db.backends: (0.019) ALTER TABLE `django_admin_log` ADD CONSTRAINT `django_admin_log_content_type_id_c4bce8eb_fk_django_co` FOREIGN KEY (`content_type_id`) REFERENCES `django_content_type` (`id`); args=()
2019-01-10 17:24:43,124 [DEBUG] django.db.backends.schema: ALTER TABLE `django_admin_log` ADD CONSTRAINT `django_admin_log_user_id_c564eba6_fk_auth_user_id` FOREIGN KEY (`user_id`) REFERENCES `auth_user` (`id`); (params ())
2019-01-10 17:24:43,141 [DEBUG] django.db.backends: (0.017) ALTER TABLE `django_admin_log` ADD CONSTRAINT `django_admin_log_user_id_c564eba6_fk_auth_user_id` FOREIGN KEY (`user_id`) REFERENCES `auth_user` (`id`); args=()
2019-01-10 17:24:43,142 [DEBUG] django.db.backends: (0.001) SHOW FULL TABLES; args=None
2019-01-10 17:24:43,143 [DEBUG] django.db.backends: (0.000) INSERT INTO `django_migrations` (`app`, `name`, `applied`) VALUES ('admin', '0001_initial', '2019-01-10 08:24:43.142790'); args=['admin', '0001_initial', '2019-01-10 08:24:43.142790']
2019-01-10 17:24:43,150 [DEBUG] django.db.backends: (0.001) SHOW FULL TABLES; args=None
2019-01-10 17:24:43,150 [DEBUG] django.db.backends: (0.000) INSERT INTO `django_migrations` (`app`, `name`, `applied`) VALUES ('admin', '0002_logentry_remove_auto_add', '2019-01-10 08:24:43.150558'); args=['admin', '0002_logentry_remove_auto_add', '2019-01-10 08:24:43.150558']
2019-01-10 17:24:43,166 [DEBUG] django.db.backends: (0.001) SHOW FULL TABLES; args=None
2019-01-10 17:24:43,167 [DEBUG] django.db.backends: (0.000) INSERT INTO `django_migrations` (`app`, `name`, `applied`) VALUES ('admin', '0003_logentry_add_action_flag_choices', '2019-01-10 08:24:43.166784'); args=['admin', '0003_logentry_add_action_flag_choices', '2019-01-10 08:24:43.166784']
2019-01-10 17:24:43,173 [DEBUG] django.db.backends.schema: ALTER TABLE `django_content_type` MODIFY `name` varchar(100) NULL; (params [])
2019-01-10 17:24:43,189 [DEBUG] django.db.backends: (0.016) ALTER TABLE `django_content_type` MODIFY `name` varchar(100) NULL; args=[]
2019-01-10 17:24:43,197 [DEBUG] django.db.backends.schema: ALTER TABLE `django_content_type` DROP COLUMN `name`; (params ())
2019-01-10 17:24:43,210 [DEBUG] django.db.backends: (0.013) ALTER TABLE `django_content_type` DROP COLUMN `name`; args=()
2019-01-10 17:24:43,211 [DEBUG] django.db.backends: (0.001) SHOW FULL TABLES; args=None
2019-01-10 17:24:43,212 [DEBUG] django.db.backends: (0.000) INSERT INTO `django_migrations` (`app`, `name`, `applied`) VALUES ('contenttypes', '0002_remove_content_type_name', '2019-01-10 08:24:43.211937'); args=['contenttypes', '0002_remove_content_type_name', '2019-01-10 08:24:43.211937']
2019-01-10 17:24:43,215 [DEBUG] django.db.backends.schema: ALTER TABLE `auth_permission` MODIFY `name` varchar(255) NOT NULL; (params [])
2019-01-10 17:24:43,235 [DEBUG] django.db.backends: (0.019) ALTER TABLE `auth_permission` MODIFY `name` varchar(255) NOT NULL; args=[]
2019-01-10 17:24:43,235 [DEBUG] django.db.backends: (0.001) SHOW FULL TABLES; args=None
2019-01-10 17:24:43,236 [DEBUG] django.db.backends: (0.000) INSERT INTO `django_migrations` (`app`, `name`, `applied`) VALUES ('auth', '0002_alter_permission_name_max_length', '2019-01-10 08:24:43.236012'); args=['auth', '0002_alter_permission_name_max_length', '2019-01-10 08:24:43.236012']
2019-01-10 17:24:43,242 [DEBUG] django.db.backends.schema: ALTER TABLE `auth_user` MODIFY `email` varchar(254) NOT NULL; (params [])
2019-01-10 17:24:43,250 [DEBUG] django.db.backends: (0.008) ALTER TABLE `auth_user` MODIFY `email` varchar(254) NOT NULL; args=[]
2019-01-10 17:24:43,251 [DEBUG] django.db.backends: (0.001) SHOW FULL TABLES; args=None
2019-01-10 17:24:43,251 [DEBUG] django.db.backends: (0.000) INSERT INTO `django_migrations` (`app`, `name`, `applied`) VALUES ('auth', '0003_alter_user_email_max_length', '2019-01-10 08:24:43.251448'); args=['auth', '0003_alter_user_email_max_length', '2019-01-10 08:24:43.251448']
2019-01-10 17:24:43,258 [DEBUG] django.db.backends: (0.001) SHOW FULL TABLES; args=None
2019-01-10 17:24:43,259 [DEBUG] django.db.backends: (0.000) INSERT INTO `django_migrations` (`app`, `name`, `applied`) VALUES ('auth', '0004_alter_user_username_opts', '2019-01-10 08:24:43.258625'); args=['auth', '0004_alter_user_username_opts', '2019-01-10 08:24:43.258625']
2019-01-10 17:24:43,266 [DEBUG] django.db.backends.schema: ALTER TABLE `auth_user` MODIFY `last_login` datetime(6) NULL; (params [])
2019-01-10 17:24:43,282 [DEBUG] django.db.backends: (0.016) ALTER TABLE `auth_user` MODIFY `last_login` datetime(6) NULL; args=[]
2019-01-10 17:24:43,283 [DEBUG] django.db.backends: (0.001) SHOW FULL TABLES; args=None
2019-01-10 17:24:43,284 [DEBUG] django.db.backends: (0.000) INSERT INTO `django_migrations` (`app`, `name`, `applied`) VALUES ('auth', '0005_alter_user_last_login_null', '2019-01-10 08:24:43.283865'); args=['auth', '0005_alter_user_last_login_null', '2019-01-10 08:24:43.283865']
2019-01-10 17:24:43,285 [DEBUG] django.db.backends: (0.001) SHOW FULL TABLES; args=None
2019-01-10 17:24:43,286 [DEBUG] django.db.backends: (0.000) INSERT INTO `django_migrations` (`app`, `name`, `applied`) VALUES ('auth', '0006_require_contenttypes_0002', '2019-01-10 08:24:43.285677'); args=['auth', '0006_require_contenttypes_0002', '2019-01-10 08:24:43.285677']
2019-01-10 17:24:43,293 [DEBUG] django.db.backends: (0.001) SHOW FULL TABLES; args=None
2019-01-10 17:24:43,293 [DEBUG] django.db.backends: (0.000) INSERT INTO `django_migrations` (`app`, `name`, `applied`) VALUES ('auth', '0007_alter_validators_add_error_messages', '2019-01-10 08:24:43.293500'); args=['auth', '0007_alter_validators_add_error_messages', '2019-01-10 08:24:43.293500']
2019-01-10 17:24:43,301 [DEBUG] django.db.backends.schema: ALTER TABLE `auth_user` MODIFY `username` varchar(150) NOT NULL; (params [])
2019-01-10 17:24:43,321 [DEBUG] django.db.backends: (0.020) ALTER TABLE `auth_user` MODIFY `username` varchar(150) NOT NULL; args=[]
2019-01-10 17:24:43,322 [DEBUG] django.db.backends: (0.001) SHOW FULL TABLES; args=None
2019-01-10 17:24:43,322 [DEBUG] django.db.backends: (0.000) INSERT INTO `django_migrations` (`app`, `name`, `applied`) VALUES ('auth', '0008_alter_user_username_max_length', '2019-01-10 08:24:43.322382'); args=['auth', '0008_alter_user_username_max_length', '2019-01-10 08:24:43.322382']
2019-01-10 17:24:43,328 [DEBUG] django.db.backends.schema: ALTER TABLE `auth_user` MODIFY `last_name` varchar(150) NOT NULL; (params [])
2019-01-10 17:24:43,346 [DEBUG] django.db.backends: (0.018) ALTER TABLE `auth_user` MODIFY `last_name` varchar(150) NOT NULL; args=[]
2019-01-10 17:24:43,347 [DEBUG] django.db.backends: (0.001) SHOW FULL TABLES; args=None
2019-01-10 17:24:43,348 [DEBUG] django.db.backends: (0.000) INSERT INTO `django_migrations` (`app`, `name`, `applied`) VALUES ('auth', '0009_alter_user_last_name_max_length', '2019-01-10 08:24:43.347638'); args=['auth', '0009_alter_user_last_name_max_length', '2019-01-10 08:24:43.347638']
2019-01-10 17:24:43,349 [DEBUG] django.db.backends.schema: CREATE TABLE `django_session` (`session_key` varchar(40) NOT NULL PRIMARY KEY, `session_data` longtext NOT NULL, `expire_date` datetime(6) NOT NULL); (params None)
2019-01-10 17:24:43,353 [DEBUG] django.db.backends: (0.004) CREATE TABLE `django_session` (`session_key` varchar(40) NOT NULL PRIMARY KEY, `session_data` longtext NOT NULL, `expire_date` datetime(6) NOT NULL); args=None
2019-01-10 17:24:43,354 [DEBUG] django.db.backends: (0.000) SELECT engine FROM information_schema.tables WHERE table_name = 'django_session'; args=['django_session']
2019-01-10 17:24:43,355 [DEBUG] django.db.backends: (0.000) SELECT engine FROM information_schema.tables WHERE table_name = 'django_session'; args=['django_session']
2019-01-10 17:24:43,355 [DEBUG] django.db.backends: (0.000) SELECT engine FROM information_schema.tables WHERE table_name = 'django_session'; args=['django_session']
2019-01-10 17:24:43,355 [DEBUG] django.db.backends.schema: CREATE INDEX `django_session_expire_date_a5c62663` ON `django_session` (`expire_date`); (params ())
2019-01-10 17:24:43,360 [DEBUG] django.db.backends: (0.004) CREATE INDEX `django_session_expire_date_a5c62663` ON `django_session` (`expire_date`); args=()
2019-01-10 17:24:43,360 [DEBUG] django.db.backends: (0.001) SHOW FULL TABLES; args=None
2019-01-10 17:24:43,361 [DEBUG] django.db.backends: (0.000) INSERT INTO `django_migrations` (`app`, `name`, `applied`) VALUES ('sessions', '0001_initial', '2019-01-10 08:24:43.360947'); args=['sessions', '0001_initial', '2019-01-10 08:24:43.360947']
2019-01-10 17:24:43,362 [DEBUG] django.db.backends: (0.001) SHOW FULL TABLES; args=None
2019-01-10 17:24:43,363 [DEBUG] django.db.backends: (0.000) SELECT `django_migrations`.`app`, `django_migrations`.`name` FROM `django_migrations`; args=()
2019-01-10 17:24:43,368 [DEBUG] django.db.backends: (0.000) SELECT `django_content_type`.`id`, `django_content_type`.`app_label`, `django_content_type`.`model` FROM `django_content_type` WHERE (`django_content_type`.`app_label` = 'admin' AND `django_content_type`.`model` = 'logentry'); args=('admin', 'logentry')
2019-01-10 17:24:43,369 [DEBUG] django.db.backends: (0.000) SELECT `django_content_type`.`id`, `django_content_type`.`app_label`, `django_content_type`.`model` FROM `django_content_type` WHERE (`django_content_type`.`app_label` = 'admin' AND `django_content_type`.`model` = 'logentry'); args=('admin', 'logentry')
2019-01-10 17:24:43,370 [DEBUG] django.db.backends: (0.000) INSERT INTO `django_content_type` (`app_label`, `model`) VALUES ('admin', 'logentry'); args=['admin', 'logentry']
2019-01-10 17:24:43,373 [DEBUG] django.db.backends: (0.000) SELECT `auth_permission`.`content_type_id`, `auth_permission`.`codename` FROM `auth_permission` INNER JOIN `django_content_type` ON (`auth_permission`.`content_type_id` = `django_content_type`.`id`) WHERE `auth_permission`.`content_type_id` IN (1) ORDER BY `django_content_type`.`app_label` ASC, `django_content_type`.`model` ASC, `auth_permission`.`codename` ASC; args=(1,)
2019-01-10 17:24:43,374 [DEBUG] django.db.backends: (0.000) INSERT INTO `auth_permission` (`name`, `content_type_id`, `codename`) VALUES ('Can add log entry', 1, 'add_logentry'), ('Can change log entry', 1, 'change_logentry'), ('Can delete log entry', 1, 'delete_logentry'), ('Can view log entry', 1, 'view_logentry'); args=('Can add log entry', 1, 'add_logentry', 'Can change log entry', 1, 'change_logentry', 'Can delete log entry', 1, 'delete_logentry', 'Can view log entry', 1, 'view_logentry')
2019-01-10 17:24:43,375 [DEBUG] django.db.backends: (0.000) SELECT `django_content_type`.`id`, `django_content_type`.`app_label`, `django_content_type`.`model` FROM `django_content_type` WHERE `django_content_type`.`app_label` = 'admin'; args=('admin',)
2019-01-10 17:24:43,376 [DEBUG] django.db.backends: (0.000) SELECT `django_content_type`.`id`, `django_content_type`.`app_label`, `django_content_type`.`model` FROM `django_content_type` WHERE (`django_content_type`.`app_label` = 'auth' AND `django_content_type`.`model` = 'permission'); args=('auth', 'permission')
2019-01-10 17:24:43,377 [DEBUG] django.db.backends: (0.000) SELECT `django_content_type`.`id`, `django_content_type`.`app_label`, `django_content_type`.`model` FROM `django_content_type` WHERE (`django_content_type`.`app_label` = 'auth' AND `django_content_type`.`model` = 'permission'); args=('auth', 'permission')
2019-01-10 17:24:43,377 [DEBUG] django.db.backends: (0.000) INSERT INTO `django_content_type` (`app_label`, `model`) VALUES ('auth', 'permission'); args=['auth', 'permission']
2019-01-10 17:24:43,378 [DEBUG] django.db.backends: (0.000) SELECT `django_content_type`.`id`, `django_content_type`.`app_label`, `django_content_type`.`model` FROM `django_content_type` WHERE (`django_content_type`.`app_label` = 'auth' AND `django_content_type`.`model` = 'group'); args=('auth', 'group')
2019-01-10 17:24:43,379 [DEBUG] django.db.backends: (0.000) SELECT `django_content_type`.`id`, `django_content_type`.`app_label`, `django_content_type`.`model` FROM `django_content_type` WHERE (`django_content_type`.`app_label` = 'auth' AND `django_content_type`.`model` = 'group'); args=('auth', 'group')
2019-01-10 17:24:43,380 [DEBUG] django.db.backends: (0.000) INSERT INTO `django_content_type` (`app_label`, `model`) VALUES ('auth', 'group'); args=['auth', 'group']
2019-01-10 17:24:43,381 [DEBUG] django.db.backends: (0.000) SELECT `django_content_type`.`id`, `django_content_type`.`app_label`, `django_content_type`.`model` FROM `django_content_type` WHERE (`django_content_type`.`app_label` = 'auth' AND `django_content_type`.`model` = 'user'); args=('auth', 'user')
2019-01-10 17:24:43,381 [DEBUG] django.db.backends: (0.000) SELECT `django_content_type`.`id`, `django_content_type`.`app_label`, `django_content_type`.`model` FROM `django_content_type` WHERE (`django_content_type`.`app_label` = 'auth' AND `django_content_type`.`model` = 'user'); args=('auth', 'user')
2019-01-10 17:24:43,382 [DEBUG] django.db.backends: (0.000) INSERT INTO `django_content_type` (`app_label`, `model`) VALUES ('auth', 'user'); args=['auth', 'user']
2019-01-10 17:24:43,384 [DEBUG] django.db.backends: (0.001) SELECT `auth_permission`.`content_type_id`, `auth_permission`.`codename` FROM `auth_permission` INNER JOIN `django_content_type` ON (`auth_permission`.`content_type_id` = `django_content_type`.`id`) WHERE `auth_permission`.`content_type_id` IN (2, 3, 4) ORDER BY `django_content_type`.`app_label` ASC, `django_content_type`.`model` ASC, `auth_permission`.`codename` ASC; args=(2, 3, 4)
2019-01-10 17:24:43,386 [DEBUG] django.db.backends: (0.000) INSERT INTO `auth_permission` (`name`, `content_type_id`, `codename`) VALUES ('Can add permission', 2, 'add_permission'), ('Can change permission', 2, 'change_permission'), ('Can delete permission', 2, 'delete_permission'), ('Can view permission', 2, 'view_permission'), ('Can add group', 3, 'add_group'), ('Can change group', 3, 'change_group'), ('Can delete group', 3, 'delete_group'), ('Can view group', 3, 'view_group'), ('Can add user', 4, 'add_user'), ('Can change user', 4, 'change_user'), ('Can delete user', 4, 'delete_user'), ('Can view user', 4, 'view_user'); args=('Can add permission', 2, 'add_permission', 'Can change permission', 2, 'change_permission', 'Can delete permission', 2, 'delete_permission', 'Can view permission', 2, 'view_permission', 'Can add group', 3, 'add_group', 'Can change group', 3, 'change_group', 'Can delete group', 3, 'delete_group', 'Can view group', 3, 'view_group', 'Can add user', 4, 'add_user', 'Can change user', 4, 'change_user', 'Can delete user', 4, 'delete_user', 'Can view user', 4, 'view_user')
2019-01-10 17:24:43,387 [DEBUG] django.db.backends: (0.000) SELECT `django_content_type`.`id`, `django_content_type`.`app_label`, `django_content_type`.`model` FROM `django_content_type` WHERE `django_content_type`.`app_label` = 'auth'; args=('auth',)
2019-01-10 17:24:43,388 [DEBUG] django.db.backends: (0.000) SELECT `django_content_type`.`id`, `django_content_type`.`app_label`, `django_content_type`.`model` FROM `django_content_type` WHERE (`django_content_type`.`app_label` = 'contenttypes' AND `django_content_type`.`model` = 'contenttype'); args=('contenttypes', 'contenttype')
2019-01-10 17:24:43,389 [DEBUG] django.db.backends: (0.000) SELECT `django_content_type`.`id`, `django_content_type`.`app_label`, `django_content_type`.`model` FROM `django_content_type` WHERE (`django_content_type`.`app_label` = 'contenttypes' AND `django_content_type`.`model` = 'contenttype'); args=('contenttypes', 'contenttype')
2019-01-10 17:24:43,389 [DEBUG] django.db.backends: (0.000) INSERT INTO `django_content_type` (`app_label`, `model`) VALUES ('contenttypes', 'contenttype'); args=['contenttypes', 'contenttype']
2019-01-10 17:24:43,391 [DEBUG] django.db.backends: (0.000) SELECT `auth_permission`.`content_type_id`, `auth_permission`.`codename` FROM `auth_permission` INNER JOIN `django_content_type` ON (`auth_permission`.`content_type_id` = `django_content_type`.`id`) WHERE `auth_permission`.`content_type_id` IN (5) ORDER BY `django_content_type`.`app_label` ASC, `django_content_type`.`model` ASC, `auth_permission`.`codename` ASC; args=(5,)
2019-01-10 17:24:43,392 [DEBUG] django.db.backends: (0.000) INSERT INTO `auth_permission` (`name`, `content_type_id`, `codename`) VALUES ('Can add content type', 5, 'add_contenttype'), ('Can change content type', 5, 'change_contenttype'), ('Can delete content type', 5, 'delete_contenttype'), ('Can view content type', 5, 'view_contenttype'); args=('Can add content type', 5, 'add_contenttype', 'Can change content type', 5, 'change_contenttype', 'Can delete content type', 5, 'delete_contenttype', 'Can view content type', 5, 'view_contenttype')
2019-01-10 17:24:43,393 [DEBUG] django.db.backends: (0.000) SELECT `django_content_type`.`id`, `django_content_type`.`app_label`, `django_content_type`.`model` FROM `django_content_type` WHERE `django_content_type`.`app_label` = 'contenttypes'; args=('contenttypes',)
2019-01-10 17:24:43,393 [DEBUG] django.db.backends: (0.000) SELECT `django_content_type`.`id`, `django_content_type`.`app_label`, `django_content_type`.`model` FROM `django_content_type` WHERE (`django_content_type`.`app_label` = 'sessions' AND `django_content_type`.`model` = 'session'); args=('sessions', 'session')
2019-01-10 17:24:43,394 [DEBUG] django.db.backends: (0.000) SELECT `django_content_type`.`id`, `django_content_type`.`app_label`, `django_content_type`.`model` FROM `django_content_type` WHERE (`django_content_type`.`app_label` = 'sessions' AND `django_content_type`.`model` = 'session'); args=('sessions', 'session')
2019-01-10 17:24:43,394 [DEBUG] django.db.backends: (0.000) INSERT INTO `django_content_type` (`app_label`, `model`) VALUES ('sessions', 'session'); args=['sessions', 'session']
2019-01-10 17:24:43,396 [DEBUG] django.db.backends: (0.000) SELECT `auth_permission`.`content_type_id`, `auth_permission`.`codename` FROM `auth_permission` INNER JOIN `django_content_type` ON (`auth_permission`.`content_type_id` = `django_content_type`.`id`) WHERE `auth_permission`.`content_type_id` IN (6) ORDER BY `django_content_type`.`app_label` ASC, `django_content_type`.`model` ASC, `auth_permission`.`codename` ASC; args=(6,)
2019-01-10 17:24:43,396 [DEBUG] django.db.backends: (0.000) INSERT INTO `auth_permission` (`name`, `content_type_id`, `codename`) VALUES ('Can add session', 6, 'add_session'), ('Can change session', 6, 'change_session'), ('Can delete session', 6, 'delete_session'), ('Can view session', 6, 'view_session'); args=('Can add session', 6, 'add_session', 'Can change session', 6, 'change_session', 'Can delete session', 6, 'delete_session', 'Can view session', 6, 'view_session')
2019-01-10 17:24:43,397 [DEBUG] django.db.backends: (0.000) SELECT `django_content_type`.`id`, `django_content_type`.`app_label`, `django_content_type`.`model` FROM `django_content_type` WHERE `django_content_type`.`app_label` = 'sessions'; args=('sessions',)
2019-01-10 17:25:32,479 [DEBUG] django.db.backends: (0.000) SELECT @@SQL_AUTO_IS_NULL; args=None
2019-01-10 17:25:32,480 [DEBUG] django.db.backends: (0.000) SET SESSION TRANSACTION ISOLATION LEVEL READ COMMITTED; args=None
2019-01-10 17:25:32,481 [DEBUG] django.db.backends: (0.001) SHOW FULL TABLES; args=None
2019-01-10 17:25:32,483 [DEBUG] django.db.backends: (0.000) SELECT `django_migrations`.`app`, `django_migrations`.`name` FROM `django_migrations`; args=()
2019-01-10 17:26:34,060 [DEBUG] django.db.backends: (0.000) SELECT @@SQL_AUTO_IS_NULL; args=None
2019-01-10 17:26:34,060 [DEBUG] django.db.backends: (0.000) SET SESSION TRANSACTION ISOLATION LEVEL READ COMMITTED; args=None
2019-01-10 17:26:34,061 [DEBUG] django.db.backends: (0.001) SHOW FULL TABLES; args=None
2019-01-10 17:26:34,063 [DEBUG] django.db.backends: (0.000) SELECT `django_migrations`.`app`, `django_migrations`.`name` FROM `django_migrations`; args=()
2019-01-11 09:45:10,106 [DEBUG] django.db.backends: (0.005) SELECT @@SQL_AUTO_IS_NULL; args=None
2019-01-11 09:45:10,107 [DEBUG] django.db.backends: (0.001) SET SESSION TRANSACTION ISOLATION LEVEL READ COMMITTED; args=None
2019-01-11 09:45:10,143 [DEBUG] django.db.backends: (0.036) SHOW FULL TABLES; args=None
2019-01-11 09:45:10,147 [DEBUG] django.db.backends: (0.001) SELECT `django_migrations`.`app`, `django_migrations`.`name` FROM `django_migrations`; args=()
2019-01-11 09:46:18,103 [DEBUG] django.db.backends: (0.000) SELECT @@SQL_AUTO_IS_NULL; args=None
2019-01-11 09:46:18,103 [DEBUG] django.db.backends: (0.000) SET SESSION TRANSACTION ISOLATION LEVEL READ COMMITTED; args=None
2019-01-11 09:46:18,104 [DEBUG] django.db.backends: (0.001) SHOW FULL TABLES; args=None
2019-01-11 09:46:18,106 [DEBUG] django.db.backends: (0.000) SELECT `django_migrations`.`app`, `django_migrations`.`name` FROM `django_migrations`; args=()
2019-01-11 09:48:32,200 [DEBUG] django.db.backends: (0.000) SELECT @@SQL_AUTO_IS_NULL; args=None
2019-01-11 09:48:32,200 [DEBUG] django.db.backends: (0.000) SET SESSION TRANSACTION ISOLATION LEVEL READ COMMITTED; args=None
2019-01-11 09:48:32,203 [DEBUG] django.db.backends: (0.002) SHOW FULL TABLES; args=None
2019-01-11 09:48:32,205 [DEBUG] django.db.backends: (0.000) SELECT `django_migrations`.`app`, `django_migrations`.`name` FROM `django_migrations`; args=()
2019-01-11 10:16:21,576 [DEBUG] django.db.backends: (0.000) SELECT @@SQL_AUTO_IS_NULL; args=None
2019-01-11 10:16:21,576 [DEBUG] django.db.backends: (0.000) SET SESSION TRANSACTION ISOLATION LEVEL READ COMMITTED; args=None
2019-01-11 10:16:21,579 [DEBUG] django.db.backends: (0.003) SHOW FULL TABLES; args=None
2019-01-11 10:16:21,581 [DEBUG] django.db.backends: (0.000) SELECT `django_migrations`.`app`, `django_migrations`.`name` FROM `django_migrations`; args=()
2019-01-11 10:16:21,583 [DEBUG] django.db.backends: (0.001) SELECT `auth_user`.`id`, `auth_user`.`password`, `auth_user`.`last_login`, `auth_user`.`is_superuser`, `auth_user`.`username`, `auth_user`.`first_name`, `auth_user`.`last_name`, `auth_user`.`email`, `auth_user`.`is_staff`, `auth_user`.`is_active`, `auth_user`.`date_joined` FROM `auth_user` WHERE `auth_user`.`username` = 'graywolf'; args=('graywolf',)
2019-01-11 10:16:31,117 [DEBUG] django.db.backends: (0.001) SELECT `auth_user`.`id`, `auth_user`.`password`, `auth_user`.`last_login`, `auth_user`.`is_superuser`, `auth_user`.`username`, `auth_user`.`first_name`, `auth_user`.`last_name`, `auth_user`.`email`, `auth_user`.`is_staff`, `auth_user`.`is_active`, `auth_user`.`date_joined` FROM `auth_user` WHERE `auth_user`.`username` = 'admin'; args=('admin',)
2019-01-11 10:16:47,294 [DEBUG] django.db.backends: (0.009) INSERT INTO `auth_user` (`password`, `last_login`, `is_superuser`, `username`, `first_name`, `last_name`, `email`, `is_staff`, `is_active`, `date_joined`) VALUES ('pbkdf2_sha256$120000$ZUapPfKcdSKb$Md7DLeeC6vFTQy1E9brDIEv+8BnzFM6viECHibfcgfc=', NULL, 1, 'admin', '', '', 'thinking@ddtechi.com', 1, 1, '2019-01-11 01:16:47.188946'); args=['pbkdf2_sha256$120000$ZUapPfKcdSKb$Md7DLeeC6vFTQy1E9brDIEv+8BnzFM6viECHibfcgfc=', None, True, 'admin', '', '', 'thinking@ddtechi.com', True, True, '2019-01-11 01:16:47.188946']
2019-01-11 10:52:49,668 [DEBUG] django.db.backends: (0.000) SELECT @@SQL_AUTO_IS_NULL; args=None
2019-01-11 10:52:49,669 [DEBUG] django.db.backends: (0.000) SET SESSION TRANSACTION ISOLATION LEVEL READ COMMITTED; args=None
2019-01-11 10:52:49,671 [DEBUG] django.db.backends: (0.002) SHOW FULL TABLES; args=None
2019-01-11 10:52:49,674 [DEBUG] django.db.backends: (0.000) SELECT `django_migrations`.`app`, `django_migrations`.`name` FROM `django_migrations`; args=()
2019-01-11 10:53:14,581 [DEBUG] django.db.backends: (0.000) SELECT @@SQL_AUTO_IS_NULL; args=None
2019-01-11 10:53:14,581 [DEBUG] django.db.backends: (0.000) SET SESSION TRANSACTION ISOLATION LEVEL READ COMMITTED; args=None
2019-01-11 10:53:14,582 [DEBUG] django.db.backends: (0.001) SELECT `auth_user`.`id`, `auth_user`.`password`, `auth_user`.`last_login`, `auth_user`.`is_superuser`, `auth_user`.`username`, `auth_user`.`first_name`, `auth_user`.`last_name`, `auth_user`.`email`, `auth_user`.`is_staff`, `auth_user`.`is_active`, `auth_user`.`date_joined` FROM `auth_user` WHERE `auth_user`.`username` = 'admin'; args=('admin',)
2019-01-11 10:53:14,675 [DEBUG] django.db.backends: (0.002) SELECT (1) AS `a` FROM `django_session` WHERE `django_session`.`session_key` = 'bscflrmqu0f4dmqpunu8gnj90238st79'  LIMIT 1; args=('bscflrmqu0f4dmqpunu8gnj90238st79',)
2019-01-11 10:53:14,676 [DEBUG] django.db.backends: (0.000) INSERT INTO `django_session` (`session_key`, `session_data`, `expire_date`) VALUES ('bscflrmqu0f4dmqpunu8gnj90238st79', 'ZDQyYWVmY2FiOTY3MTI3YjllZDBmMjAzN2ExYzgyYWM3Yzg3OGYxMTp7fQ==', '2019-01-25 01:53:14.675910'); args=('bscflrmqu0f4dmqpunu8gnj90238st79', 'ZDQyYWVmY2FiOTY3MTI3YjllZDBmMjAzN2ExYzgyYWM3Yzg3OGYxMTp7fQ==', '2019-01-25 01:53:14.675910')
2019-01-11 10:53:14,787 [DEBUG] django.db.backends: (0.004) UPDATE `auth_user` SET `last_login` = '2019-01-11 01:53:14.781859' WHERE `auth_user`.`id` = 1; args=('2019-01-11 01:53:14.781859', 1)
2019-01-11 10:53:14,791 [DEBUG] django.db.backends: (0.001) UPDATE `django_session` SET `session_data` = 'MjQwYzE3YTZhZDAzY2U1Mzg0MjU4YzRmNzBkODAxMzI4MjBiMzMxMzp7Il9hdXRoX3VzZXJfaWQiOiIxIiwiX2F1dGhfdXNlcl9iYWNrZW5kIjoiZGphbmdvLmNvbnRyaWIuYXV0aC5iYWNrZW5kcy5Nb2RlbEJhY2tlbmQiLCJfYXV0aF91c2VyX2hhc2giOiIzNTRmOGI2NDlkZGNkM2Y5YWIzYWM2Yjc2NjgzNzRmZjBkMGYxYzM5In0=', `expire_date` = '2019-01-25 01:53:14.789943' WHERE `django_session`.`session_key` = 'bscflrmqu0f4dmqpunu8gnj90238st79'; args=('MjQwYzE3YTZhZDAzY2U1Mzg0MjU4YzRmNzBkODAxMzI4MjBiMzMxMzp7Il9hdXRoX3VzZXJfaWQiOiIxIiwiX2F1dGhfdXNlcl9iYWNrZW5kIjoiZGphbmdvLmNvbnRyaWIuYXV0aC5iYWNrZW5kcy5Nb2RlbEJhY2tlbmQiLCJfYXV0aF91c2VyX2hhc2giOiIzNTRmOGI2NDlkZGNkM2Y5YWIzYWM2Yjc2NjgzNzRmZjBkMGYxYzM5In0=', '2019-01-25 01:53:14.789943', 'bscflrmqu0f4dmqpunu8gnj90238st79')
2019-01-11 10:53:14,822 [DEBUG] django.db.backends: (0.000) SET SESSION TRANSACTION ISOLATION LEVEL READ COMMITTED; args=None
2019-01-11 10:53:14,823 [DEBUG] django.db.backends: (0.001) SELECT `django_session`.`session_key`, `django_session`.`session_data`, `django_session`.`expire_date` FROM `django_session` WHERE (`django_session`.`expire_date` > '2019-01-11 01:53:14.797048' AND `django_session`.`session_key` = 'bscflrmqu0f4dmqpunu8gnj90238st79'); args=('2019-01-11 01:53:14.797048', 'bscflrmqu0f4dmqpunu8gnj90238st79')
2019-01-11 10:53:14,825 [DEBUG] django.db.backends: (0.000) SELECT `auth_user`.`id`, `auth_user`.`password`, `auth_user`.`last_login`, `auth_user`.`is_superuser`, `auth_user`.`username`, `auth_user`.`first_name`, `auth_user`.`last_name`, `auth_user`.`email`, `auth_user`.`is_staff`, `auth_user`.`is_active`, `auth_user`.`date_joined` FROM `auth_user` WHERE `auth_user`.`id` = 1; args=(1,)
2019-01-11 10:53:14,843 [DEBUG] django.db.backends: (0.007) SELECT `django_admin_log`.`id`, `django_admin_log`.`action_time`, `django_admin_log`.`user_id`, `django_admin_log`.`content_type_id`, `django_admin_log`.`object_id`, `django_admin_log`.`object_repr`, `django_admin_log`.`action_flag`, `django_admin_log`.`change_message`, `auth_user`.`id`, `auth_user`.`password`, `auth_user`.`last_login`, `auth_user`.`is_superuser`, `auth_user`.`username`, `auth_user`.`first_name`, `auth_user`.`last_name`, `auth_user`.`email`, `auth_user`.`is_staff`, `auth_user`.`is_active`, `auth_user`.`date_joined`, `django_content_type`.`id`, `django_content_type`.`app_label`, `django_content_type`.`model` FROM `django_admin_log` INNER JOIN `auth_user` ON (`django_admin_log`.`user_id` = `auth_user`.`id`) LEFT OUTER JOIN `django_content_type` ON (`django_admin_log`.`content_type_id` = `django_content_type`.`id`) WHERE `django_admin_log`.`user_id` = 1 ORDER BY `django_admin_log`.`action_time` DESC  LIMIT 10; args=(1,)
2019-01-11 10:53:31,930 [DEBUG] django.db.backends: (0.000) SET SESSION TRANSACTION ISOLATION LEVEL READ COMMITTED; args=None
2019-01-11 10:53:31,930 [DEBUG] django.db.backends: (0.000) SELECT `django_session`.`session_key`, `django_session`.`session_data`, `django_session`.`expire_date` FROM `django_session` WHERE (`django_session`.`expire_date` > '2019-01-11 01:53:31.905252' AND `django_session`.`session_key` = 'bscflrmqu0f4dmqpunu8gnj90238st79'); args=('2019-01-11 01:53:31.905252', 'bscflrmqu0f4dmqpunu8gnj90238st79')
2019-01-11 10:53:31,931 [DEBUG] django.db.backends: (0.000) SELECT `auth_user`.`id`, `auth_user`.`password`, `auth_user`.`last_login`, `auth_user`.`is_superuser`, `auth_user`.`username`, `auth_user`.`first_name`, `auth_user`.`last_name`, `auth_user`.`email`, `auth_user`.`is_staff`, `auth_user`.`is_active`, `auth_user`.`date_joined` FROM `auth_user` WHERE `auth_user`.`id` = 1; args=(1,)
2019-01-11 10:55:00,744 [DEBUG] django.db.backends: (0.000) SELECT @@SQL_AUTO_IS_NULL; args=None
2019-01-11 10:55:00,744 [DEBUG] django.db.backends: (0.000) SET SESSION TRANSACTION ISOLATION LEVEL READ COMMITTED; args=None
2019-01-11 10:55:00,744 [DEBUG] django.db.backends: (0.000) SELECT `django_session`.`session_key`, `django_session`.`session_data`, `django_session`.`expire_date` FROM `django_session` WHERE (`django_session`.`expire_date` > '2019-01-11 01:55:00.721792' AND `django_session`.`session_key` = 'bscflrmqu0f4dmqpunu8gnj90238st79'); args=('2019-01-11 01:55:00.721792', 'bscflrmqu0f4dmqpunu8gnj90238st79')
2019-01-11 10:55:00,745 [DEBUG] django.db.backends: (0.000) SELECT `auth_user`.`id`, `auth_user`.`password`, `auth_user`.`last_login`, `auth_user`.`is_superuser`, `auth_user`.`username`, `auth_user`.`first_name`, `auth_user`.`last_name`, `auth_user`.`email`, `auth_user`.`is_staff`, `auth_user`.`is_active`, `auth_user`.`date_joined` FROM `auth_user` WHERE `auth_user`.`id` = 1; args=(1,)
2019-01-11 10:55:11,764 [DEBUG] django.db.backends: (0.000) SET SESSION TRANSACTION ISOLATION LEVEL READ COMMITTED; args=None
2019-01-11 10:55:11,764 [DEBUG] django.db.backends: (0.000) SELECT `django_session`.`session_key`, `django_session`.`session_data`, `django_session`.`expire_date` FROM `django_session` WHERE (`django_session`.`expire_date` > '2019-01-11 01:55:11.744654' AND `django_session`.`session_key` = 'bscflrmqu0f4dmqpunu8gnj90238st79'); args=('2019-01-11 01:55:11.744654', 'bscflrmqu0f4dmqpunu8gnj90238st79')
2019-01-11 10:55:11,765 [DEBUG] django.db.backends: (0.000) SELECT `auth_user`.`id`, `auth_user`.`password`, `auth_user`.`last_login`, `auth_user`.`is_superuser`, `auth_user`.`username`, `auth_user`.`first_name`, `auth_user`.`last_name`, `auth_user`.`email`, `auth_user`.`is_staff`, `auth_user`.`is_active`, `auth_user`.`date_joined` FROM `auth_user` WHERE `auth_user`.`id` = 1; args=(1,)
2019-01-11 10:55:14,750 [DEBUG] django.db.backends: (0.000) SET SESSION TRANSACTION ISOLATION LEVEL READ COMMITTED; args=None
2019-01-11 10:55:14,751 [DEBUG] django.db.backends: (0.000) SELECT `django_session`.`session_key`, `django_session`.`session_data`, `django_session`.`expire_date` FROM `django_session` WHERE (`django_session`.`expire_date` > '2019-01-11 01:55:14.727363' AND `django_session`.`session_key` = 'bscflrmqu0f4dmqpunu8gnj90238st79'); args=('2019-01-11 01:55:14.727363', 'bscflrmqu0f4dmqpunu8gnj90238st79')
2019-01-11 10:55:14,752 [DEBUG] django.db.backends: (0.000) SELECT `auth_user`.`id`, `auth_user`.`password`, `auth_user`.`last_login`, `auth_user`.`is_superuser`, `auth_user`.`username`, `auth_user`.`first_name`, `auth_user`.`last_name`, `auth_user`.`email`, `auth_user`.`is_staff`, `auth_user`.`is_active`, `auth_user`.`date_joined` FROM `auth_user` WHERE `auth_user`.`id` = 1; args=(1,)
2019-01-11 10:55:47,309 [DEBUG] django.db.backends: (0.000) SET SESSION TRANSACTION ISOLATION LEVEL READ COMMITTED; args=None
2019-01-11 10:55:47,309 [DEBUG] django.db.backends: (0.000) SELECT `django_session`.`session_key`, `django_session`.`session_data`, `django_session`.`expire_date` FROM `django_session` WHERE (`django_session`.`expire_date` > '2019-01-11 01:55:47.285511' AND `django_session`.`session_key` = 'bscflrmqu0f4dmqpunu8gnj90238st79'); args=('2019-01-11 01:55:47.285511', 'bscflrmqu0f4dmqpunu8gnj90238st79')
2019-01-11 10:55:47,311 [DEBUG] django.db.backends: (0.000) SELECT `auth_user`.`id`, `auth_user`.`password`, `auth_user`.`last_login`, `auth_user`.`is_superuser`, `auth_user`.`username`, `auth_user`.`first_name`, `auth_user`.`last_name`, `auth_user`.`email`, `auth_user`.`is_staff`, `auth_user`.`is_active`, `auth_user`.`date_joined` FROM `auth_user` WHERE `auth_user`.`id` = 1; args=(1,)
2019-01-11 10:58:21,701 [DEBUG] django.db.backends: (0.000) SELECT @@SQL_AUTO_IS_NULL; args=None
2019-01-11 10:58:21,702 [DEBUG] django.db.backends: (0.000) SET SESSION TRANSACTION ISOLATION LEVEL READ COMMITTED; args=None
2019-01-11 10:58:21,703 [DEBUG] django.db.backends: (0.001) SHOW FULL TABLES; args=None
2019-01-11 10:58:21,705 [DEBUG] django.db.backends: (0.000) SELECT `django_migrations`.`app`, `django_migrations`.`name` FROM `django_migrations`; args=()
2019-01-11 10:58:28,047 [DEBUG] django.db.backends: (0.000) SELECT @@SQL_AUTO_IS_NULL; args=None
2019-01-11 10:58:28,048 [DEBUG] django.db.backends: (0.000) SET SESSION TRANSACTION ISOLATION LEVEL READ COMMITTED; args=None
2019-01-11 10:58:28,048 [DEBUG] django.db.backends: (0.000) SELECT `django_session`.`session_key`, `django_session`.`session_data`, `django_session`.`expire_date` FROM `django_session` WHERE (`django_session`.`expire_date` > '2019-01-11 01:58:28.019500' AND `django_session`.`session_key` = 'bscflrmqu0f4dmqpunu8gnj90238st79'); args=('2019-01-11 01:58:28.019500', 'bscflrmqu0f4dmqpunu8gnj90238st79')
2019-01-11 10:58:28,049 [DEBUG] django.db.backends: (0.000) SELECT `auth_user`.`id`, `auth_user`.`password`, `auth_user`.`last_login`, `auth_user`.`is_superuser`, `auth_user`.`username`, `auth_user`.`first_name`, `auth_user`.`last_name`, `auth_user`.`email`, `auth_user`.`is_staff`, `auth_user`.`is_active`, `auth_user`.`date_joined` FROM `auth_user` WHERE `auth_user`.`id` = 1; args=(1,)
2019-01-11 10:58:45,015 [DEBUG] django.db.backends: (0.000) SET SESSION TRANSACTION ISOLATION LEVEL READ COMMITTED; args=None
2019-01-11 10:58:45,015 [DEBUG] django.db.backends: (0.000) SELECT `django_session`.`session_key`, `django_session`.`session_data`, `django_session`.`expire_date` FROM `django_session` WHERE (`django_session`.`expire_date` > '2019-01-11 01:58:44.991152' AND `django_session`.`session_key` = 'bscflrmqu0f4dmqpunu8gnj90238st79'); args=('2019-01-11 01:58:44.991152', 'bscflrmqu0f4dmqpunu8gnj90238st79')
2019-01-11 10:58:45,017 [DEBUG] django.db.backends: (0.000) SELECT `auth_user`.`id`, `auth_user`.`password`, `auth_user`.`last_login`, `auth_user`.`is_superuser`, `auth_user`.`username`, `auth_user`.`first_name`, `auth_user`.`last_name`, `auth_user`.`email`, `auth_user`.`is_staff`, `auth_user`.`is_active`, `auth_user`.`date_joined` FROM `auth_user` WHERE `auth_user`.`id` = 1; args=(1,)
2019-01-11 10:58:46,613 [DEBUG] django.db.backends: (0.000) SET SESSION TRANSACTION ISOLATION LEVEL READ COMMITTED; args=None
2019-01-11 10:58:46,614 [DEBUG] django.db.backends: (0.000) SELECT `django_session`.`session_key`, `django_session`.`session_data`, `django_session`.`expire_date` FROM `django_session` WHERE (`django_session`.`expire_date` > '2019-01-11 01:58:46.589071' AND `django_session`.`session_key` = 'bscflrmqu0f4dmqpunu8gnj90238st79'); args=('2019-01-11 01:58:46.589071', 'bscflrmqu0f4dmqpunu8gnj90238st79')
2019-01-11 10:58:46,615 [DEBUG] django.db.backends: (0.000) SELECT `auth_user`.`id`, `auth_user`.`password`, `auth_user`.`last_login`, `auth_user`.`is_superuser`, `auth_user`.`username`, `auth_user`.`first_name`, `auth_user`.`last_name`, `auth_user`.`email`, `auth_user`.`is_staff`, `auth_user`.`is_active`, `auth_user`.`date_joined` FROM `auth_user` WHERE `auth_user`.`id` = 1; args=(1,)
2019-01-11 11:20:22,151 [DEBUG] django.db.backends: (0.000) SELECT @@SQL_AUTO_IS_NULL; args=None
2019-01-11 11:20:22,151 [DEBUG] django.db.backends: (0.000) SET SESSION TRANSACTION ISOLATION LEVEL READ COMMITTED; args=None
2019-01-11 11:20:22,153 [DEBUG] django.db.backends: (0.001) SHOW FULL TABLES; args=None
2019-01-11 11:20:22,157 [DEBUG] django.db.backends: (0.002) SELECT `django_migrations`.`app`, `django_migrations`.`name` FROM `django_migrations`; args=()
2019-01-11 11:20:27,371 [DEBUG] django.db.backends: (0.000) SELECT @@SQL_AUTO_IS_NULL; args=None
2019-01-11 11:20:27,371 [DEBUG] django.db.backends: (0.000) SET SESSION TRANSACTION ISOLATION LEVEL READ COMMITTED; args=None
2019-01-11 11:20:27,372 [DEBUG] django.db.backends: (0.000) SELECT `django_session`.`session_key`, `django_session`.`session_data`, `django_session`.`expire_date` FROM `django_session` WHERE (`django_session`.`expire_date` > '2019-01-11 02:20:27.346430' AND `django_session`.`session_key` = 'bscflrmqu0f4dmqpunu8gnj90238st79'); args=('2019-01-11 02:20:27.346430', 'bscflrmqu0f4dmqpunu8gnj90238st79')
2019-01-11 11:20:27,373 [DEBUG] django.db.backends: (0.000) SELECT `auth_user`.`id`, `auth_user`.`password`, `auth_user`.`last_login`, `auth_user`.`is_superuser`, `auth_user`.`username`, `auth_user`.`first_name`, `auth_user`.`last_name`, `auth_user`.`email`, `auth_user`.`is_staff`, `auth_user`.`is_active`, `auth_user`.`date_joined` FROM `auth_user` WHERE `auth_user`.`id` = 1; args=(1,)
2019-01-11 11:21:10,454 [DEBUG] django.db.backends: (0.000) SELECT @@SQL_AUTO_IS_NULL; args=None
2019-01-11 11:21:10,454 [DEBUG] django.db.backends: (0.000) SET SESSION TRANSACTION ISOLATION LEVEL READ COMMITTED; args=None
2019-01-11 11:21:10,455 [DEBUG] django.db.backends: (0.001) SHOW FULL TABLES; args=None
2019-01-11 11:21:10,457 [DEBUG] django.db.backends: (0.000) SELECT `django_migrations`.`app`, `django_migrations`.`name` FROM `django_migrations`; args=()
2019-01-11 11:23:20,412 [DEBUG] django.db.backends: (0.000) SELECT @@SQL_AUTO_IS_NULL; args=None
2019-01-11 11:23:20,413 [DEBUG] django.db.backends: (0.000) SET SESSION TRANSACTION ISOLATION LEVEL READ COMMITTED; args=None
2019-01-11 11:23:20,413 [DEBUG] django.db.backends: (0.001) SHOW FULL TABLES; args=None
2019-01-11 11:23:20,415 [DEBUG] django.db.backends: (0.000) SELECT `django_migrations`.`app`, `django_migrations`.`name` FROM `django_migrations`; args=()
2019-01-11 11:23:21,373 [DEBUG] django.db.backends: (0.000) SELECT @@SQL_AUTO_IS_NULL; args=None
2019-01-11 11:23:21,374 [DEBUG] django.db.backends: (0.000) SET SESSION TRANSACTION ISOLATION LEVEL READ COMMITTED; args=None
2019-01-11 11:23:21,374 [DEBUG] django.db.backends: (0.000) SELECT `django_session`.`session_key`, `django_session`.`session_data`, `django_session`.`expire_date` FROM `django_session` WHERE (`django_session`.`expire_date` > '2019-01-11 02:23:21.349361' AND `django_session`.`session_key` = 'bscflrmqu0f4dmqpunu8gnj90238st79'); args=('2019-01-11 02:23:21.349361', 'bscflrmqu0f4dmqpunu8gnj90238st79')
2019-01-11 11:23:21,376 [DEBUG] django.db.backends: (0.000) SELECT `auth_user`.`id`, `auth_user`.`password`, `auth_user`.`last_login`, `auth_user`.`is_superuser`, `auth_user`.`username`, `auth_user`.`first_name`, `auth_user`.`last_name`, `auth_user`.`email`, `auth_user`.`is_staff`, `auth_user`.`is_active`, `auth_user`.`date_joined` FROM `auth_user` WHERE `auth_user`.`id` = 1; args=(1,)
2019-01-11 11:23:49,359 [DEBUG] django.db.backends: (0.000) SELECT @@SQL_AUTO_IS_NULL; args=None
2019-01-11 11:23:49,360 [DEBUG] django.db.backends: (0.000) SET SESSION TRANSACTION ISOLATION LEVEL READ COMMITTED; args=None
2019-01-11 11:23:49,361 [DEBUG] django.db.backends: (0.001) SHOW FULL TABLES; args=None
2019-01-11 11:23:49,362 [DEBUG] django.db.backends: (0.000) SELECT `django_migrations`.`app`, `django_migrations`.`name` FROM `django_migrations`; args=()
2019-01-11 17:04:09,224 [DEBUG] django.db.backends: (0.000) SELECT @@SQL_AUTO_IS_NULL; args=None
2019-01-11 17:04:09,224 [DEBUG] django.db.backends: (0.000) SET SESSION TRANSACTION ISOLATION LEVEL READ COMMITTED; args=None
2019-01-11 17:04:09,225 [DEBUG] django.db.backends: (0.001) SHOW FULL TABLES; args=None
2019-01-11 17:04:09,227 [DEBUG] django.db.backends: (0.000) SELECT `django_migrations`.`app`, `django_migrations`.`name` FROM `django_migrations`; args=()
